1649183742.334008 client started (6707): version 3.2a, socket /tmp/tmux-1000/default, protocol 8
1649183742.334128 on Linux 5.13.0-1022-raspi #24-Ubuntu SMP PREEMPT Wed Mar 16 07:19:33 UTC 2022
1649183742.334147 using libevent 2.1.12-stable (poll); ncurses 6.3
1649183742.334257 flags are 0x10010000
1649183742.334275 socket is /tmp/tmux-1000/default
1649183742.334329 trying connect
1649183742.334611 add peer 0x3f70adb0: 6 ((nil))
1649183742.335575 sending message 100 to peer 0x3f70adb0 (4 bytes)
1649183742.335711 sending message 111 to peer 0x3f70adb0 (8 bytes)
1649183742.335736 sending message 101 to peer 0x3f70adb0 (16 bytes)
1649183742.335762 sending message 109 to peer 0x3f70adb0 (4 bytes)
1649183742.335781 sending message 102 to peer 0x3f70adb0 (11 bytes)
1649183742.335805 sending message 108 to peer 0x3f70adb0 (41 bytes)
1649183742.335824 sending message 112 to peer 0x3f70adb0 (70 bytes)
1649183742.335843 sending message 112 to peer 0x3f70adb0 (5 bytes)
1649183742.335861 sending message 112 to peer 0x3f70adb0 (5 bytes)
1649183742.335879 sending message 112 to peer 0x3f70adb0 (6 bytes)
1649183742.335897 sending message 112 to peer 0x3f70adb0 (6 bytes)
1649183742.335919 sending message 112 to peer 0x3f70adb0 (11 bytes)
1649183742.335938 sending message 112 to peer 0x3f70adb0 (10 bytes)
1649183742.335956 sending message 112 to peer 0x3f70adb0 (13 bytes)
1649183742.335975 sending message 112 to peer 0x3f70adb0 (13 bytes)
1649183742.335993 sending message 112 to peer 0x3f70adb0 (18 bytes)
1649183742.336011 sending message 112 to peer 0x3f70adb0 (11 bytes)
1649183742.336029 sending message 112 to peer 0x3f70adb0 (21 bytes)
1649183742.336053 sending message 112 to peer 0x3f70adb0 (13 bytes)
1649183742.336071 sending message 112 to peer 0x3f70adb0 (7 bytes)
1649183742.336133 sending message 112 to peer 0x3f70adb0 (13 bytes)
1649183742.336165 sending message 112 to peer 0x3f70adb0 (7 bytes)
1649183742.336185 sending message 112 to peer 0x3f70adb0 (13 bytes)
1649183742.336203 sending message 112 to peer 0x3f70adb0 (9 bytes)
1649183742.336221 sending message 112 to peer 0x3f70adb0 (21 bytes)
1649183742.336240 sending message 112 to peer 0x3f70adb0 (13 bytes)
1649183742.336258 sending message 112 to peer 0x3f70adb0 (8 bytes)
1649183742.336276 sending message 112 to peer 0x3f70adb0 (12 bytes)
1649183742.336298 sending message 112 to peer 0x3f70adb0 (13 bytes)
1649183742.336317 sending message 112 to peer 0x3f70adb0 (9 bytes)
1649183742.336335 sending message 112 to peer 0x3f70adb0 (9 bytes)
1649183742.336354 sending message 112 to peer 0x3f70adb0 (12 bytes)
1649183742.336372 sending message 112 to peer 0x3f70adb0 (8 bytes)
1649183742.336390 sending message 112 to peer 0x3f70adb0 (7 bytes)
1649183742.336408 sending message 112 to peer 0x3f70adb0 (7 bytes)
1649183742.336433 sending message 112 to peer 0x3f70adb0 (9 bytes)
1649183742.336451 sending message 112 to peer 0x3f70adb0 (13 bytes)
1649183742.336469 sending message 112 to peer 0x3f70adb0 (9 bytes)
1649183742.336488 sending message 112 to peer 0x3f70adb0 (15 bytes)
1649183742.336506 sending message 112 to peer 0x3f70adb0 (13 bytes)
1649183742.336524 sending message 112 to peer 0x3f70adb0 (12 bytes)
1649183742.336546 sending message 112 to peer 0x3f70adb0 (8 bytes)
1649183742.336565 sending message 112 to peer 0x3f70adb0 (14 bytes)
1649183742.336582 sending message 112 to peer 0x3f70adb0 (9 bytes)
1649183742.336601 sending message 112 to peer 0x3f70adb0 (10 bytes)
1649183742.336619 sending message 112 to peer 0x3f70adb0 (10 bytes)
1649183742.336637 sending message 112 to peer 0x3f70adb0 (10 bytes)
1649183742.336655 sending message 112 to peer 0x3f70adb0 (10 bytes)
1649183742.336677 sending message 112 to peer 0x3f70adb0 (11 bytes)
1649183742.336696 sending message 112 to peer 0x3f70adb0 (10 bytes)
1649183742.336714 sending message 112 to peer 0x3f70adb0 (8 bytes)
1649183742.336733 sending message 112 to peer 0x3f70adb0 (11 bytes)
1649183742.336750 sending message 112 to peer 0x3f70adb0 (11 bytes)
1649183742.336769 sending message 112 to peer 0x3f70adb0 (11 bytes)
1649183742.336791 sending message 112 to peer 0x3f70adb0 (8 bytes)
1649183742.336866 sending message 112 to peer 0x3f70adb0 (8 bytes)
1649183742.336886 sending message 112 to peer 0x3f70adb0 (8 bytes)
1649183742.336904 sending message 112 to peer 0x3f70adb0 (10 bytes)
1649183742.336928 sending message 112 to peer 0x3f70adb0 (10 bytes)
1649183742.336946 sending message 112 to peer 0x3f70adb0 (10 bytes)
1649183742.336965 sending message 112 to peer 0x3f70adb0 (10 bytes)
1649183742.336983 sending message 112 to peer 0x3f70adb0 (10 bytes)
1649183742.337001 sending message 112 to peer 0x3f70adb0 (11 bytes)
1649183742.337019 sending message 112 to peer 0x3f70adb0 (11 bytes)
1649183742.337041 sending message 112 to peer 0x3f70adb0 (10 bytes)
1649183742.337060 sending message 112 to peer 0x3f70adb0 (9 bytes)
1649183742.337079 sending message 112 to peer 0x3f70adb0 (9 bytes)
1649183742.337097 sending message 112 to peer 0x3f70adb0 (12 bytes)
1649183742.337115 sending message 112 to peer 0x3f70adb0 (9 bytes)
1649183742.337133 sending message 112 to peer 0x3f70adb0 (6 bytes)
1649183742.337151 sending message 112 to peer 0x3f70adb0 (13 bytes)
1649183742.337174 sending message 112 to peer 0x3f70adb0 (8 bytes)
1649183742.337192 sending message 112 to peer 0x3f70adb0 (15 bytes)
1649183742.337210 sending message 112 to peer 0x3f70adb0 (13 bytes)
1649183742.337229 sending message 112 to peer 0x3f70adb0 (70 bytes)
1649183742.337247 sending message 112 to peer 0x3f70adb0 (69 bytes)
1649183742.337266 sending message 112 to peer 0x3f70adb0 (10 bytes)
1649183742.337288 sending message 112 to peer 0x3f70adb0 (8 bytes)
1649183742.337307 sending message 112 to peer 0x3f70adb0 (15 bytes)
1649183742.337326 sending message 112 to peer 0x3f70adb0 (13 bytes)
1649183742.337345 sending message 112 to peer 0x3f70adb0 (10 bytes)
1649183742.337363 sending message 112 to peer 0x3f70adb0 (10 bytes)
1649183742.337381 sending message 112 to peer 0x3f70adb0 (5 bytes)
1649183742.337399 sending message 112 to peer 0x3f70adb0 (15 bytes)
1649183742.337427 sending message 104 to peer 0x3f70adb0 (0 bytes)
1649183742.337448 sending message 110 to peer 0x3f70adb0 (0 bytes)
1649183742.337470 sending message 107 to peer 0x3f70adb0 (4 bytes)
1649183742.337489 sending message 105 to peer 0x3f70adb0 (20 bytes)
1649183742.337508 sending message 105 to peer 0x3f70adb0 (54 bytes)
1649183742.337527 sending message 105 to peer 0x3f70adb0 (23 bytes)
1649183742.337548 sending message 105 to peer 0x3f70adb0 (11 bytes)
1649183742.337567 sending message 105 to peer 0x3f70adb0 (55 bytes)
1649183742.337585 sending message 105 to peer 0x3f70adb0 (56 bytes)
1649183742.337604 sending message 105 to peer 0x3f70adb0 (27 bytes)
1649183742.337623 sending message 105 to peer 0x3f70adb0 (18 bytes)
1649183742.337642 sending message 105 to peer 0x3f70adb0 (921 bytes)
1649183742.337664 sending message 105 to peer 0x3f70adb0 (52 bytes)
1649183742.337683 sending message 105 to peer 0x3f70adb0 (92 bytes)
1649183742.337702 sending message 105 to peer 0x3f70adb0 (19 bytes)
1649183742.337720 sending message 105 to peer 0x3f70adb0 (28 bytes)
1649183742.337738 sending message 105 to peer 0x3f70adb0 (79 bytes)
1649183742.337756 sending message 105 to peer 0x3f70adb0 (20 bytes)
1649183742.337775 sending message 105 to peer 0x3f70adb0 (28 bytes)
1649183742.337797 sending message 105 to peer 0x3f70adb0 (22 bytes)
1649183742.337815 sending message 105 to peer 0x3f70adb0 (21 bytes)
1649183742.337833 sending message 105 to peer 0x3f70adb0 (22 bytes)
1649183742.337852 sending message 105 to peer 0x3f70adb0 (17 bytes)
1649183742.337870 sending message 105 to peer 0x3f70adb0 (12 bytes)
1649183742.337889 sending message 105 to peer 0x3f70adb0 (19 bytes)
1649183742.337907 sending message 105 to peer 0x3f70adb0 (21 bytes)
1649183742.337929 sending message 105 to peer 0x3f70adb0 (26 bytes)
1649183742.337948 sending message 105 to peer 0x3f70adb0 (23 bytes)
1649183742.337966 sending message 105 to peer 0x3f70adb0 (20 bytes)
1649183742.337984 sending message 105 to peer 0x3f70adb0 (16 bytes)
1649183742.338002 sending message 105 to peer 0x3f70adb0 (19 bytes)
1649183742.338056 sending message 105 to peer 0x3f70adb0 (17 bytes)
1649183742.338075 sending message 105 to peer 0x3f70adb0 (21 bytes)
1649183742.338094 sending message 105 to peer 0x3f70adb0 (16 bytes)
1649183742.338115 sending message 105 to peer 0x3f70adb0 (1576 bytes)
1649183742.338173 sending message 105 to peer 0x3f70adb0 (17 bytes)
1649183742.338193 sending message 105 to peer 0x3f70adb0 (45 bytes)
1649183742.338211 sending message 105 to peer 0x3f70adb0 (71 bytes)
1649183742.338230 sending message 105 to peer 0x3f70adb0 (53 bytes)
1649183742.338248 sending message 105 to peer 0x3f70adb0 (59 bytes)
1649183742.338266 sending message 105 to peer 0x3f70adb0 (16 bytes)
1649183742.338288 sending message 105 to peer 0x3f70adb0 (20 bytes)
1649183742.338307 sending message 105 to peer 0x3f70adb0 (28 bytes)
1649183742.338325 sending message 105 to peer 0x3f70adb0 (68 bytes)
1649183742.338343 sending message 105 to peer 0x3f70adb0 (22 bytes)
1649183742.338361 sending message 105 to peer 0x3f70adb0 (10 bytes)
1649183742.338378 sending message 105 to peer 0x3f70adb0 (12 bytes)
1649183742.338397 sending message 105 to peer 0x3f70adb0 (13 bytes)
1649183742.338419 sending message 105 to peer 0x3f70adb0 (1011 bytes)
1649183742.338440 sending message 105 to peer 0x3f70adb0 (45 bytes)
1649183742.338459 sending message 105 to peer 0x3f70adb0 (22 bytes)
1649183742.338477 sending message 105 to peer 0x3f70adb0 (19 bytes)
1649183742.338495 sending message 105 to peer 0x3f70adb0 (30 bytes)
1649183742.338513 sending message 105 to peer 0x3f70adb0 (18 bytes)
1649183742.338531 sending message 105 to peer 0x3f70adb0 (43 bytes)
1649183742.338554 sending message 105 to peer 0x3f70adb0 (82 bytes)
1649183742.338572 sending message 105 to peer 0x3f70adb0 (42 bytes)
1649183742.338591 sending message 105 to peer 0x3f70adb0 (8 bytes)
1649183742.338609 sending message 105 to peer 0x3f70adb0 (22 bytes)
1649183742.338627 sending message 105 to peer 0x3f70adb0 (21 bytes)
1649183742.338646 sending message 105 to peer 0x3f70adb0 (76 bytes)
1649183742.338668 sending message 105 to peer 0x3f70adb0 (45 bytes)
1649183742.338686 sending message 105 to peer 0x3f70adb0 (62 bytes)
1649183742.338705 sending message 105 to peer 0x3f70adb0 (18 bytes)
1649183742.338723 sending message 105 to peer 0x3f70adb0 (26 bytes)
1649183742.338741 sending message 105 to peer 0x3f70adb0 (35 bytes)
1649183742.338760 sending message 105 to peer 0x3f70adb0 (13 bytes)
1649183742.338778 sending message 105 to peer 0x3f70adb0 (55 bytes)
1649183742.338800 sending message 105 to peer 0x3f70adb0 (14 bytes)
1649183742.338819 sending message 105 to peer 0x3f70adb0 (18 bytes)
1649183742.338837 sending message 105 to peer 0x3f70adb0 (29 bytes)
1649183742.338855 sending message 105 to peer 0x3f70adb0 (17 bytes)
1649183742.338873 sending message 105 to peer 0x3f70adb0 (13 bytes)
1649183742.338892 sending message 105 to peer 0x3f70adb0 (41 bytes)
1649183742.338914 sending message 105 to peer 0x3f70adb0 (16 bytes)
1649183742.338933 sending message 105 to peer 0x3f70adb0 (31 bytes)
1649183742.338951 sending message 105 to peer 0x3f70adb0 (80 bytes)
1649183742.338970 sending message 105 to peer 0x3f70adb0 (39 bytes)
1649183742.338988 sending message 105 to peer 0x3f70adb0 (24 bytes)
1649183742.339007 sending message 105 to peer 0x3f70adb0 (459 bytes)
1649183742.339025 sending message 105 to peer 0x3f70adb0 (42 bytes)
1649183742.339048 sending message 105 to peer 0x3f70adb0 (31 bytes)
1649183742.339067 sending message 105 to peer 0x3f70adb0 (15 bytes)
1649183742.339085 sending message 105 to peer 0x3f70adb0 (23 bytes)
1649183742.339104 sending message 105 to peer 0x3f70adb0 (27 bytes)
1649183742.339122 sending message 105 to peer 0x3f70adb0 (17 bytes)
1649183742.339140 sending message 105 to peer 0x3f70adb0 (21 bytes)
1649183742.339164 sending message 105 to peer 0x3f70adb0 (11 bytes)
1649183742.339183 sending message 105 to peer 0x3f70adb0 (20 bytes)
1649183742.339202 sending message 105 to peer 0x3f70adb0 (42 bytes)
1649183742.339221 sending message 105 to peer 0x3f70adb0 (30 bytes)
1649183742.339274 sending message 105 to peer 0x3f70adb0 (39 bytes)
1649183742.339298 sending message 105 to peer 0x3f70adb0 (20 bytes)
1649183742.339317 sending message 105 to peer 0x3f70adb0 (155 bytes)
1649183742.339336 sending message 105 to peer 0x3f70adb0 (19 bytes)
1649183742.339362 sending message 106 to peer 0x3f70adb0 (0 bytes)
1649183742.339440 sending message 200 to peer 0x3f70adb0 (4 bytes)
1649183742.339461 client loop enter
1649183742.346523 peer 0x3f70adb0 message 303
1649183742.346654 open write file 2 -
1649183742.346733 sending message 305 to peer 0x3f70adb0 (8 bytes)
1649183742.346864 write check file 2
1649183742.347637 peer 0x3f70adb0 message 304
1649183742.347683 write 58 to file 2
1649183742.347708 peer 0x3f70adb0 message 203
1649183742.347728 file 2 58 bytes left
1649183742.347820 write check file 2
1649183742.347845 client loop exit
