1733451009.943804 client started (467652): version 3.4, socket /tmp/tmux-1000/default, protocol 8
1733451009.943833 on Linux 6.8.0-49-generic #49~22.04.1-Ubuntu SMP PREEMPT_DYNAMIC Wed Nov  6 17:42:15 UTC 2
1733451009.943836 using libevent 2.1.12-stable poll
1733451009.943843 using utf8proc 2.9.0
1733451009.943845 using ncurses 6.4 20221231
1733451009.943860 flags are 0x18010000
1733451009.943874 socket is /tmp/tmux-1000/default
1733451009.943885 trying connect
1733451009.943897 connect failed: Connection refused
1733451009.943905 lock file is /tmp/tmux-1000/default.lock
1733451009.943928 flock succeeded
1733451009.943930 got lock (6)
1733451009.943934 trying connect
1733451009.943939 connect failed: Connection refused
1733451009.944272 add peer 0xac85a0: 7 ((nil))
1733451009.944554 sending message 100 to peer 0xac85a0 (4 bytes)
1733451009.944560 sending message 111 to peer 0xac85a0 (8 bytes)
1733451009.944564 sending message 101 to peer 0xac85a0 (16 bytes)
1733451009.944566 sending message 109 to peer 0xac85a0 (4 bytes)
1733451009.944569 sending message 102 to peer 0xac85a0 (11 bytes)
1733451009.944572 sending message 108 to peer 0xac85a0 (27 bytes)
1733451009.944574 sending message 112 to peer 0xac85a0 (70 bytes)
1733451009.944577 sending message 112 to peer 0xac85a0 (5 bytes)
1733451009.944579 sending message 112 to peer 0xac85a0 (5 bytes)
1733451009.944581 sending message 112 to peer 0xac85a0 (6 bytes)
1733451009.944584 sending message 112 to peer 0xac85a0 (6 bytes)
1733451009.944586 sending message 112 to peer 0xac85a0 (11 bytes)
1733451009.944589 sending message 112 to peer 0xac85a0 (10 bytes)
1733451009.944591 sending message 112 to peer 0xac85a0 (13 bytes)
1733451009.944593 sending message 112 to peer 0xac85a0 (13 bytes)
1733451009.944596 sending message 112 to peer 0xac85a0 (18 bytes)
1733451009.944598 sending message 112 to peer 0xac85a0 (11 bytes)
1733451009.944600 sending message 112 to peer 0xac85a0 (21 bytes)
1733451009.944602 sending message 112 to peer 0xac85a0 (13 bytes)
1733451009.944604 sending message 112 to peer 0xac85a0 (7 bytes)
1733451009.944607 sending message 112 to peer 0xac85a0 (13 bytes)
1733451009.944609 sending message 112 to peer 0xac85a0 (7 bytes)
1733451009.944611 sending message 112 to peer 0xac85a0 (13 bytes)
1733451009.944613 sending message 112 to peer 0xac85a0 (9 bytes)
1733451009.944615 sending message 112 to peer 0xac85a0 (21 bytes)
1733451009.944618 sending message 112 to peer 0xac85a0 (13 bytes)
1733451009.944620 sending message 112 to peer 0xac85a0 (8 bytes)
1733451009.944623 sending message 112 to peer 0xac85a0 (12 bytes)
1733451009.944625 sending message 112 to peer 0xac85a0 (13 bytes)
1733451009.944627 sending message 112 to peer 0xac85a0 (9 bytes)
1733451009.944629 sending message 112 to peer 0xac85a0 (9 bytes)
1733451009.944631 sending message 112 to peer 0xac85a0 (12 bytes)
1733451009.944634 sending message 112 to peer 0xac85a0 (8 bytes)
1733451009.944636 sending message 112 to peer 0xac85a0 (7 bytes)
1733451009.944638 sending message 112 to peer 0xac85a0 (7 bytes)
1733451009.944640 sending message 112 to peer 0xac85a0 (9 bytes)
1733451009.944643 sending message 112 to peer 0xac85a0 (13 bytes)
1733451009.944645 sending message 112 to peer 0xac85a0 (9 bytes)
1733451009.944648 sending message 112 to peer 0xac85a0 (15 bytes)
1733451009.944650 sending message 112 to peer 0xac85a0 (13 bytes)
1733451009.944652 sending message 112 to peer 0xac85a0 (12 bytes)
1733451009.944655 sending message 112 to peer 0xac85a0 (8 bytes)
1733451009.944657 sending message 112 to peer 0xac85a0 (14 bytes)
1733451009.944660 sending message 112 to peer 0xac85a0 (9 bytes)
1733451009.944662 sending message 112 to peer 0xac85a0 (10 bytes)
1733451009.944664 sending message 112 to peer 0xac85a0 (10 bytes)
1733451009.944666 sending message 112 to peer 0xac85a0 (10 bytes)
1733451009.944668 sending message 112 to peer 0xac85a0 (10 bytes)
1733451009.944671 sending message 112 to peer 0xac85a0 (11 bytes)
1733451009.944673 sending message 112 to peer 0xac85a0 (10 bytes)
1733451009.944675 sending message 112 to peer 0xac85a0 (8 bytes)
1733451009.944685 sending message 112 to peer 0xac85a0 (11 bytes)
1733451009.944687 sending message 112 to peer 0xac85a0 (11 bytes)
1733451009.944690 sending message 112 to peer 0xac85a0 (11 bytes)
1733451009.944692 sending message 112 to peer 0xac85a0 (8 bytes)
1733451009.944694 sending message 112 to peer 0xac85a0 (8 bytes)
1733451009.944697 sending message 112 to peer 0xac85a0 (8 bytes)
1733451009.944714 sending message 112 to peer 0xac85a0 (10 bytes)
1733451009.944717 sending message 112 to peer 0xac85a0 (10 bytes)
1733451009.944719 sending message 112 to peer 0xac85a0 (10 bytes)
1733451009.944721 sending message 112 to peer 0xac85a0 (10 bytes)
1733451009.944723 sending message 112 to peer 0xac85a0 (10 bytes)
1733451009.944726 sending message 112 to peer 0xac85a0 (11 bytes)
1733451009.944728 sending message 112 to peer 0xac85a0 (11 bytes)
1733451009.944730 sending message 112 to peer 0xac85a0 (10 bytes)
1733451009.944732 sending message 112 to peer 0xac85a0 (9 bytes)
1733451009.944735 sending message 112 to peer 0xac85a0 (9 bytes)
1733451009.944737 sending message 112 to peer 0xac85a0 (12 bytes)
1733451009.944739 sending message 112 to peer 0xac85a0 (9 bytes)
1733451009.944741 sending message 112 to peer 0xac85a0 (6 bytes)
1733451009.944744 sending message 112 to peer 0xac85a0 (13 bytes)
1733451009.944746 sending message 112 to peer 0xac85a0 (8 bytes)
1733451009.944749 sending message 112 to peer 0xac85a0 (15 bytes)
1733451009.944751 sending message 112 to peer 0xac85a0 (13 bytes)
1733451009.944753 sending message 112 to peer 0xac85a0 (70 bytes)
1733451009.944756 sending message 112 to peer 0xac85a0 (69 bytes)
1733451009.944758 sending message 112 to peer 0xac85a0 (10 bytes)
1733451009.944760 sending message 112 to peer 0xac85a0 (8 bytes)
1733451009.944763 sending message 112 to peer 0xac85a0 (15 bytes)
1733451009.944765 sending message 112 to peer 0xac85a0 (13 bytes)
1733451009.944767 sending message 112 to peer 0xac85a0 (10 bytes)
1733451009.944770 sending message 112 to peer 0xac85a0 (10 bytes)
1733451009.944772 sending message 112 to peer 0xac85a0 (5 bytes)
1733451009.944774 sending message 112 to peer 0xac85a0 (15 bytes)
1733451009.944777 sending message 104 to peer 0xac85a0 (0 bytes)
1733451009.944780 sending message 110 to peer 0xac85a0 (0 bytes)
1733451009.944783 sending message 107 to peer 0xac85a0 (4 bytes)
1733451009.944785 sending message 105 to peer 0xac85a0 (24 bytes)
1733451009.944788 sending message 105 to peer 0xac85a0 (41 bytes)
1733451009.944790 sending message 105 to peer 0xac85a0 (102 bytes)
1733451009.944793 sending message 105 to peer 0xac85a0 (17 bytes)
1733451009.944795 sending message 105 to peer 0xac85a0 (33 bytes)
1733451009.944797 sending message 105 to peer 0xac85a0 (27 bytes)
1733451009.944800 sending message 105 to peer 0xac85a0 (26 bytes)
1733451009.944802 sending message 105 to peer 0xac85a0 (30 bytes)
1733451009.944804 sending message 105 to peer 0xac85a0 (37 bytes)
1733451009.944806 sending message 105 to peer 0xac85a0 (95 bytes)
1733451009.944809 sending message 105 to peer 0xac85a0 (505 bytes)
1733451009.944812 sending message 105 to peer 0xac85a0 (31 bytes)
1733451009.944815 sending message 105 to peer 0xac85a0 (18 bytes)
1733451009.944817 sending message 105 to peer 0xac85a0 (11 bytes)
1733451009.944819 sending message 105 to peer 0xac85a0 (23 bytes)
1733451009.944822 sending message 105 to peer 0xac85a0 (23 bytes)
1733451009.944824 sending message 105 to peer 0xac85a0 (19 bytes)
1733451009.944826 sending message 105 to peer 0xac85a0 (20 bytes)
1733451009.944828 sending message 105 to peer 0xac85a0 (45 bytes)
1733451009.944831 sending message 105 to peer 0xac85a0 (17 bytes)
1733451009.944833 sending message 105 to peer 0xac85a0 (62 bytes)
1733451009.944835 sending message 105 to peer 0xac85a0 (21 bytes)
1733451009.944837 sending message 105 to peer 0xac85a0 (54 bytes)
1733451009.944840 sending message 105 to peer 0xac85a0 (20 bytes)
1733451009.944842 sending message 105 to peer 0xac85a0 (33 bytes)
1733451009.944844 sending message 105 to peer 0xac85a0 (23 bytes)
1733451009.944850 sending message 105 to peer 0xac85a0 (36 bytes)
1733451009.944852 sending message 105 to peer 0xac85a0 (28 bytes)
1733451009.944855 sending message 105 to peer 0xac85a0 (17 bytes)
1733451009.944857 sending message 105 to peer 0xac85a0 (25 bytes)
1733451009.944859 sending message 105 to peer 0xac85a0 (27 bytes)
1733451009.944861 sending message 105 to peer 0xac85a0 (19 bytes)
1733451009.944863 sending message 105 to peer 0xac85a0 (44 bytes)
1733451009.944866 sending message 105 to peer 0xac85a0 (18 bytes)
1733451009.944868 sending message 105 to peer 0xac85a0 (20 bytes)
1733451009.944870 sending message 105 to peer 0xac85a0 (122 bytes)
1733451009.944873 sending message 105 to peer 0xac85a0 (14 bytes)
1733451009.944875 sending message 105 to peer 0xac85a0 (21 bytes)
1733451009.944877 sending message 105 to peer 0xac85a0 (23 bytes)
1733451009.944880 sending message 105 to peer 0xac85a0 (271 bytes)
1733451009.944882 sending message 105 to peer 0xac85a0 (31 bytes)
1733451009.944885 sending message 105 to peer 0xac85a0 (32 bytes)
1733451009.944887 sending message 105 to peer 0xac85a0 (25 bytes)
1733451009.944890 sending message 105 to peer 0xac85a0 (24 bytes)
1733451009.944892 sending message 105 to peer 0xac85a0 (39 bytes)
1733451009.944894 sending message 105 to peer 0xac85a0 (25 bytes)
1733451009.944896 sending message 105 to peer 0xac85a0 (15 bytes)
1733451009.944899 sending message 105 to peer 0xac85a0 (1110 bytes)
1733451009.944917 sending message 105 to peer 0xac85a0 (47 bytes)
1733451009.944920 sending message 105 to peer 0xac85a0 (8 bytes)
1733451009.944922 sending message 105 to peer 0xac85a0 (54 bytes)
1733451009.944925 sending message 105 to peer 0xac85a0 (76 bytes)
1733451009.944927 sending message 105 to peer 0xac85a0 (20 bytes)
1733451009.944929 sending message 105 to peer 0xac85a0 (23 bytes)
1733451009.944931 sending message 105 to peer 0xac85a0 (23 bytes)
1733451009.944934 sending message 105 to peer 0xac85a0 (18 bytes)
1733451009.944936 sending message 105 to peer 0xac85a0 (11 bytes)
1733451009.944939 sending message 105 to peer 0xac85a0 (21 bytes)
1733451009.944941 sending message 105 to peer 0xac85a0 (19 bytes)
1733451009.944943 sending message 105 to peer 0xac85a0 (21 bytes)
1733451009.944946 sending message 105 to peer 0xac85a0 (38 bytes)
1733451009.944948 sending message 105 to peer 0xac85a0 (42 bytes)
1733451009.944950 sending message 105 to peer 0xac85a0 (36 bytes)
1733451009.944953 sending message 105 to peer 0xac85a0 (36 bytes)
1733451009.944955 sending message 105 to peer 0xac85a0 (39 bytes)
1733451009.944958 sending message 105 to peer 0xac85a0 (20 bytes)
1733451009.944960 sending message 105 to peer 0xac85a0 (68 bytes)
1733451009.944962 sending message 105 to peer 0xac85a0 (53 bytes)
1733451009.944965 sending message 105 to peer 0xac85a0 (1395 bytes)
1733451009.944968 sending message 105 to peer 0xac85a0 (12 bytes)
1733451009.944971 sending message 105 to peer 0xac85a0 (20 bytes)
1733451009.944973 sending message 105 to peer 0xac85a0 (25 bytes)
1733451009.944975 sending message 105 to peer 0xac85a0 (20 bytes)
1733451009.944978 sending message 105 to peer 0xac85a0 (16 bytes)
1733451009.944980 sending message 105 to peer 0xac85a0 (16 bytes)
1733451009.944982 sending message 105 to peer 0xac85a0 (30 bytes)
1733451009.944984 sending message 105 to peer 0xac85a0 (39 bytes)
1733451009.944987 sending message 105 to peer 0xac85a0 (152 bytes)
1733451009.944989 sending message 105 to peer 0xac85a0 (29 bytes)
1733451009.944991 sending message 105 to peer 0xac85a0 (10 bytes)
1733451009.944994 sending message 105 to peer 0xac85a0 (24 bytes)
1733451009.944996 sending message 105 to peer 0xac85a0 (27 bytes)
1733451009.944998 sending message 105 to peer 0xac85a0 (56 bytes)
1733451009.945000 sending message 105 to peer 0xac85a0 (55 bytes)
1733451009.945003 sending message 105 to peer 0xac85a0 (46 bytes)
1733451009.945005 sending message 105 to peer 0xac85a0 (49 bytes)
1733451009.945007 sending message 106 to peer 0xac85a0 (0 bytes)
1733451009.945053 sending message 200 to peer 0xac85a0 (4 bytes)
1733451009.945061 client loop enter
1733451009.945077 client_signal: Child exited
1733451010.021799 peer 0xac85a0 message 207
1733451010.021807 sending message 208 to peer 0xac85a0 (0 bytes)
1733451023.682081 peer 0xac85a0 message 203
1733451023.682111 sending message 205 to peer 0xac85a0 (0 bytes)
1733451023.682762 peer 0xac85a0 message 204
1733451023.682786 client loop exit
